<?xml version="1.0" encoding="UTF-8" ?>
<testsuite tests="18" failures="18" name="com.cg.mypaymentapp.test.TestClass" time="0.013" errors="0" skipped="0">
  <properties>
    <property name="java.runtime.name" value="Java(TM) SE Runtime Environment"/>
    <property name="sun.boot.library.path" value="C:\Program Files (x86)\Java\jre1.8.0_31\bin"/>
    <property name="java.vm.version" value="25.31-b07"/>
    <property name="java.vm.vendor" value="Oracle Corporation"/>
    <property name="java.vendor.url" value="http://java.oracle.com/"/>
    <property name="path.separator" value=";"/>
    <property name="guice.disable.misplaced.annotation.check" value="true"/>
    <property name="java.vm.name" value="Java HotSpot(TM) Client VM"/>
    <property name="file.encoding.pkg" value="sun.io"/>
    <property name="user.script" value=""/>
    <property name="user.country" value="US"/>
    <property name="sun.java.launcher" value="SUN_STANDARD"/>
    <property name="sun.os.patch.level" value=""/>
    <property name="java.vm.specification.name" value="Java Virtual Machine Specification"/>
    <property name="user.dir" value="D:\Training\Evaluation\PaymentWalletProject"/>
    <property name="java.runtime.version" value="1.8.0_31-b13"/>
    <property name="java.awt.graphicsenv" value="sun.awt.Win32GraphicsEnvironment"/>
    <property name="java.endorsed.dirs" value="C:\Program Files (x86)\Java\jre1.8.0_31\lib\endorsed"/>
    <property name="os.arch" value="x86"/>
    <property name="java.io.tmpdir" value="C:\Users\yoginaik\AppData\Local\Temp\"/>
    <property name="line.separator" value="
"/>
    <property name="java.vm.specification.vendor" value="Oracle Corporation"/>
    <property name="user.variant" value=""/>
    <property name="os.name" value="Windows 8.1"/>
    <property name="classworlds.conf" value="D:\Training\Evaluation\.metadata\.plugins\org.eclipse.m2e.launching\launches\m2conf1037140554200276998.tmp"/>
    <property name="sun.jnu.encoding" value="Cp1252"/>
    <property name="java.library.path" value="C:\Program Files (x86)\Java\jre1.8.0_31\bin;C:\WINDOWS\Sun\Java\bin;C:\WINDOWS\system32;C:\WINDOWS;C:/Program Files (x86)/Java/jre1.8.0_31/bin/client;C:/Program Files (x86)/Java/jre1.8.0_31/bin;C:/Program Files (x86)/Java/jre1.8.0_31/lib/i386;C:\ProgramData\Oracle\Java\javapath;C:\oraclexe\app\oracle\product\11.2.0\server\bin;D:\app\mshaik15\product\11.2.0\client_1\bin;C:\WINDOWS\system32;C:\WINDOWS;C:\WINDOWS\System32\Wbem;C:\WINDOWS\System32\WindowsPowerShell\v1.0\;C:\Program Files (x86)\QuickTime\QTSystem\;C:\Program Files\CapgeminiScripts\Support Tools\;C:\Program Files\TortoiseSVN\bin;D:\Yogini Naik\Softwares\Devops\sonar-scanner-2.8\bin;D:\apache-maven-3.3.9;C:\Program Files (x86)\Java\jdk1.8.0_31\bin;C:\Users\yoginaik\AppData\Local\Microsoft\WindowsApps;;D:\Backup\Yogini Naik\Softwares\Eclipse_Luna\eclipse;;."/>
    <property name="java.specification.name" value="Java Platform API Specification"/>
    <property name="java.class.version" value="52.0"/>
    <property name="sun.management.compiler" value="HotSpot Client Compiler"/>
    <property name="os.version" value="6.3"/>
    <property name="user.home" value="C:\Users\yoginaik"/>
    <property name="user.timezone" value="Asia/Calcutta"/>
    <property name="java.awt.printerjob" value="sun.awt.windows.WPrinterJob"/>
    <property name="java.specification.version" value="1.8"/>
    <property name="file.encoding" value="Cp1252"/>
    <property name="user.name" value="yoginaik"/>
    <property name="java.class.path" value="/D:/Backup/Yogini Naik/Softwares/Eclipse_Luna/eclipse/plugins/org.eclipse.m2e.maven.runtime_1.5.0.20140605-2032/jars/plexus-classworlds-2.5.1.jar"/>
    <property name="org.slf4j.simpleLogger.defaultLogLevel" value="info"/>
    <property name="java.vm.specification.version" value="1.8"/>
    <property name="sun.arch.data.model" value="32"/>
    <property name="java.home" value="C:\Program Files (x86)\Java\jre1.8.0_31"/>
    <property name="sun.java.command" value="org.codehaus.plexus.classworlds.launcher.Launcher -B test"/>
    <property name="java.specification.vendor" value="Oracle Corporation"/>
    <property name="user.language" value="en"/>
    <property name="awt.toolkit" value="sun.awt.windows.WToolkit"/>
    <property name="java.vm.info" value="mixed mode"/>
    <property name="java.version" value="1.8.0_31"/>
    <property name="java.ext.dirs" value="C:\Program Files (x86)\Java\jre1.8.0_31\lib\ext;C:\WINDOWS\Sun\Java\lib\ext"/>
    <property name="sun.boot.class.path" value="C:\Program Files (x86)\Java\jre1.8.0_31\lib\resources.jar;C:\Program Files (x86)\Java\jre1.8.0_31\lib\rt.jar;C:\Program Files (x86)\Java\jre1.8.0_31\lib\sunrsasign.jar;C:\Program Files (x86)\Java\jre1.8.0_31\lib\jsse.jar;C:\Program Files (x86)\Java\jre1.8.0_31\lib\jce.jar;C:\Program Files (x86)\Java\jre1.8.0_31\lib\charsets.jar;C:\Program Files (x86)\Java\jre1.8.0_31\lib\jfr.jar;C:\Program Files (x86)\Java\jre1.8.0_31\classes"/>
    <property name="java.vendor" value="Oracle Corporation"/>
    <property name="maven.home" value="D:\Training\Evaluation\PaymentWalletProject\EMBEDDED"/>
    <property name="file.separator" value="\"/>
    <property name="java.vendor.url.bug" value="http://bugreport.sun.com/bugreport/"/>
    <property name="sun.cpu.endian" value="little"/>
    <property name="sun.io.unicode.encoding" value="UnicodeLittle"/>
    <property name="sun.desktop" value="windows"/>
    <property name="sun.cpu.isalist" value="pentium_pro+mmx pentium_pro pentium+mmx pentium i486 i386 i86"/>
  </properties>
  <testcase classname="com.cg.mypaymentapp.test.TestClass" name="com.cg.mypaymentapp.test.TestClass.testCreateAccountForNullName" time="0.013">
    <failure type="java.lang.NullPointerException">java.lang.NullPointerException
	at com.cg.mypaymentapp.test.TestClass.testCreateAccountForNullName(TestClass.java:41)
</failure>
  </testcase>
  <testcase classname="com.cg.mypaymentapp.test.TestClass" name="com.cg.mypaymentapp.test.TestClass.testShowBalanceForInvalidMobileNo" time="0">
    <failure type="java.lang.NullPointerException">java.lang.NullPointerException
	at com.cg.mypaymentapp.test.TestClass.testShowBalanceForInvalidMobileNo(TestClass.java:61)
</failure>
  </testcase>
  <testcase classname="com.cg.mypaymentapp.test.TestClass" name="com.cg.mypaymentapp.test.TestClass.testDepositAmountForInvalidMobileNumber" time="0">
    <failure type="java.lang.NullPointerException">java.lang.NullPointerException
	at com.cg.mypaymentapp.test.TestClass.testDepositAmountForInvalidMobileNumber(TestClass.java:101)
</failure>
  </testcase>
  <testcase classname="com.cg.mypaymentapp.test.TestClass" name="com.cg.mypaymentapp.test.TestClass.testDepositAmountForNegativeAmount" time="0">
    <failure type="java.lang.NullPointerException">java.lang.NullPointerException
	at com.cg.mypaymentapp.test.TestClass.testDepositAmountForNegativeAmount(TestClass.java:106)
</failure>
  </testcase>
  <testcase classname="com.cg.mypaymentapp.test.TestClass" name="com.cg.mypaymentapp.test.TestClass.testWithdrawAmountForNegativeAmount" time="0">
    <failure type="java.lang.NullPointerException">java.lang.NullPointerException
	at com.cg.mypaymentapp.test.TestClass.testWithdrawAmountForNegativeAmount(TestClass.java:134)
</failure>
  </testcase>
  <testcase classname="com.cg.mypaymentapp.test.TestClass" name="com.cg.mypaymentapp.test.TestClass.testFundTransferForNullSourceMobileNo" time="0">
    <failure type="java.lang.NullPointerException">java.lang.NullPointerException
	at com.cg.mypaymentapp.test.TestClass.testFundTransferForNullSourceMobileNo(TestClass.java:83)
</failure>
  </testcase>
  <testcase classname="com.cg.mypaymentapp.test.TestClass" name="com.cg.mypaymentapp.test.TestClass.testCreateAccountForNegativeAmount" time="0">
    <failure type="java.lang.NullPointerException">java.lang.NullPointerException
	at com.cg.mypaymentapp.test.TestClass.testCreateAccountForNegativeAmount(TestClass.java:46)
</failure>
  </testcase>
  <testcase classname="com.cg.mypaymentapp.test.TestClass" name="com.cg.mypaymentapp.test.TestClass.testFundTransferForInvalidMobileNoData" time="0">
    <failure type="java.lang.NullPointerException">java.lang.NullPointerException
	at com.cg.mypaymentapp.test.TestClass.testFundTransferForInvalidMobileNoData(TestClass.java:88)
</failure>
  </testcase>
  <testcase classname="com.cg.mypaymentapp.test.TestClass" name="com.cg.mypaymentapp.test.TestClass.testWithdrawAmountForInvalidMobileNumber" time="0">
    <failure type="java.lang.NullPointerException">java.lang.NullPointerException
	at com.cg.mypaymentapp.test.TestClass.testWithdrawAmountForInvalidMobileNumber(TestClass.java:129)
</failure>
  </testcase>
  <testcase classname="com.cg.mypaymentapp.test.TestClass" name="com.cg.mypaymentapp.test.TestClass.testDepositAmountForZero" time="0">
    <failure type="java.lang.NullPointerException">java.lang.NullPointerException
	at com.cg.mypaymentapp.test.TestClass.testDepositAmountForZero(TestClass.java:111)
</failure>
  </testcase>
  <testcase classname="com.cg.mypaymentapp.test.TestClass" name="com.cg.mypaymentapp.test.TestClass.testShowBalanceForValidMobileNo" time="0">
    <failure type="java.lang.NullPointerException">java.lang.NullPointerException
	at com.cg.mypaymentapp.test.TestClass.testShowBalanceForValidMobileNo(TestClass.java:67)
</failure>
  </testcase>
  <testcase classname="com.cg.mypaymentapp.test.TestClass" name="com.cg.mypaymentapp.test.TestClass.testWithdrawAmountForZero" time="0">
    <failure type="java.lang.NullPointerException">java.lang.NullPointerException
	at com.cg.mypaymentapp.test.TestClass.testWithdrawAmountForZero(TestClass.java:139)
</failure>
  </testcase>
  <testcase classname="com.cg.mypaymentapp.test.TestClass" name="com.cg.mypaymentapp.test.TestClass.testFundTransferForNullData" time="0">
    <failure type="java.lang.NullPointerException">java.lang.NullPointerException
	at com.cg.mypaymentapp.test.TestClass.testFundTransferForNullData(TestClass.java:77)
</failure>
  </testcase>
  <testcase classname="com.cg.mypaymentapp.test.TestClass" name="com.cg.mypaymentapp.test.TestClass.testWithdrawAmountForLowBalance" time="0">
    <failure type="java.lang.NullPointerException">java.lang.NullPointerException
	at com.cg.mypaymentapp.test.TestClass.testWithdrawAmountForLowBalance(TestClass.java:154)
</failure>
  </testcase>
  <testcase classname="com.cg.mypaymentapp.test.TestClass" name="com.cg.mypaymentapp.test.TestClass.testDepositAmountForValidAmount" time="0">
    <failure type="java.lang.NullPointerException">java.lang.NullPointerException
	at com.cg.mypaymentapp.test.TestClass.testDepositAmountForValidAmount(TestClass.java:116)
</failure>
  </testcase>
  <testcase classname="com.cg.mypaymentapp.test.TestClass" name="com.cg.mypaymentapp.test.TestClass.testWithdrawAmountForValidAmount" time="0">
    <failure type="java.lang.NullPointerException">java.lang.NullPointerException
	at com.cg.mypaymentapp.test.TestClass.testWithdrawAmountForValidAmount(TestClass.java:144)
</failure>
  </testcase>
  <testcase classname="com.cg.mypaymentapp.test.TestClass" name="com.cg.mypaymentapp.test.TestClass.testFundTransferForInvalidAmount" time="0">
    <failure type="java.lang.NullPointerException">java.lang.NullPointerException
	at com.cg.mypaymentapp.test.TestClass.testFundTransferForInvalidAmount(TestClass.java:94)
</failure>
  </testcase>
  <testcase classname="com.cg.mypaymentapp.test.TestClass" name="com.cg.mypaymentapp.test.TestClass.testCreateAccountForCorrectData" time="0">
    <failure type="java.lang.NullPointerException">java.lang.NullPointerException
	at com.cg.mypaymentapp.test.TestClass.testCreateAccountForCorrectData(TestClass.java:52)
</failure>
  </testcase>
</testsuite>